2026-03-25 00:02:20 - study_math - INFO - ==================================================
2026-03-25 00:02:20 - study_math - INFO - 学习数学分析系统启动
2026-03-25 00:02:20 - study_math - INFO - 日志文件：D:\project_room\workspace2024\mytest\study-math\logs\study_math_20260325.log
2026-03-25 00:02:20 - study_math - INFO - ==================================================
2026-03-25 00:02:21 - app - INFO - 从 Excel 导入 3900 条成绩到数据库
2026-03-25 00:02:21 - app - INFO - 初始化分析器...
2026-03-25 00:02:21 - app - INFO - 分析器初始化完成
2026-03-25 00:40:13 - study_math - INFO - ==================================================
2026-03-25 00:40:13 - study_math - INFO - 学习数学分析系统启动
2026-03-25 00:40:13 - study_math - INFO - 日志文件：D:\project_room\workspace2024\mytest\study-math\logs\study_math_20260325.log
2026-03-25 00:40:13 - study_math - INFO - ==================================================
2026-03-25 00:40:13 - app - INFO - 从 Excel 导入 3900 条成绩到数据库
2026-03-25 00:40:15 - app - INFO - 初始化分析器...
2026-03-25 00:40:15 - app - INFO - 分析器初始化完成
2026-03-25 00:40:20 - study_math - INFO - ==================================================
2026-03-25 00:40:20 - study_math - INFO - 学习数学分析系统启动
2026-03-25 00:40:20 - study_math - INFO - 日志文件：D:\project_room\workspace2024\mytest\study-math\logs\study_math_20260325.log
2026-03-25 00:40:20 - study_math - INFO - ==================================================
2026-03-25 00:40:21 - app - INFO - 从 Excel 导入 3900 条成绩到数据库
2026-03-25 00:40:22 - study_math - INFO - ==================================================
2026-03-25 00:40:22 - study_math - INFO - 学习数学分析系统启动
2026-03-25 00:40:22 - study_math - INFO - 日志文件：D:\project_room\workspace2024\mytest\study-math\logs\study_math_20260325.log
2026-03-25 00:40:22 - study_math - INFO - ==================================================
2026-03-25 00:40:23 - app - INFO - 从 Excel 导入 3900 条成绩到数据库
2026-03-25 00:40:26 - study_math - INFO - ==================================================
2026-03-25 00:40:26 - study_math - INFO - 学习数学分析系统启动
2026-03-25 00:40:26 - study_math - INFO - 日志文件：D:\project_room\workspace2024\mytest\study-math\logs\study_math_20260325.log
2026-03-25 00:40:26 - study_math - INFO - ==================================================
2026-03-25 00:40:26 - app - INFO - 从 Excel 导入 3900 条成绩到数据库
2026-03-25 00:40:30 - study_math - INFO - ==================================================
2026-03-25 00:40:30 - study_math - INFO - 学习数学分析系统启动
2026-03-25 00:40:30 - study_math - INFO - 日志文件：D:\project_room\workspace2024\mytest\study-math\logs\study_math_20260325.log
2026-03-25 00:40:30 - study_math - INFO - ==================================================
2026-03-25 00:40:30 - app - INFO - 从 Excel 导入 3900 条成绩到数据库
2026-03-25 00:40:32 - study_math - INFO - ==================================================
2026-03-25 00:40:32 - study_math - INFO - 学习数学分析系统启动
2026-03-25 00:40:32 - study_math - INFO - 日志文件：D:\project_room\workspace2024\mytest\study-math\logs\study_math_20260325.log
2026-03-25 00:40:32 - study_math - INFO - ==================================================
2026-03-25 00:40:33 - app - INFO - 从 Excel 导入 3900 条成绩到数据库
2026-03-25 00:40:34 - study_math - INFO - ==================================================
2026-03-25 00:40:34 - study_math - INFO - 学习数学分析系统启动
2026-03-25 00:40:34 - study_math - INFO - 日志文件：D:\project_room\workspace2024\mytest\study-math\logs\study_math_20260325.log
2026-03-25 00:40:34 - study_math - INFO - ==================================================
2026-03-25 00:40:35 - app - INFO - 从 Excel 导入 3900 条成绩到数据库
2026-03-25 00:40:36 - study_math - INFO - ==================================================
2026-03-25 00:40:36 - study_math - INFO - 学习数学分析系统启动
2026-03-25 00:40:36 - study_math - INFO - 日志文件：D:\project_room\workspace2024\mytest\study-math\logs\study_math_20260325.log
2026-03-25 00:40:36 - study_math - INFO - ==================================================
2026-03-25 00:40:36 - app - INFO - 从 Excel 导入 3900 条成绩到数据库
2026-03-25 00:40:37 - study_math - INFO - ==================================================
2026-03-25 00:40:37 - study_math - INFO - 学习数学分析系统启动
2026-03-25 00:40:37 - study_math - INFO - 日志文件：D:\project_room\workspace2024\mytest\study-math\logs\study_math_20260325.log
2026-03-25 00:40:37 - study_math - INFO - ==================================================
2026-03-25 00:40:38 - app - INFO - 从 Excel 导入 3900 条成绩到数据库
2026-03-25 00:40:39 - study_math - INFO - ==================================================
2026-03-25 00:40:39 - study_math - INFO - 学习数学分析系统启动
2026-03-25 00:40:39 - study_math - INFO - 日志文件：D:\project_room\workspace2024\mytest\study-math\logs\study_math_20260325.log
2026-03-25 00:40:39 - study_math - INFO - ==================================================
2026-03-25 00:40:39 - app - INFO - 从 Excel 导入 3900 条成绩到数据库
2026-03-25 00:42:27 - study_math - INFO - ==================================================
2026-03-25 00:42:27 - study_math - INFO - 学习数学分析系统启动
2026-03-25 00:42:27 - study_math - INFO - 日志文件：D:\project_room\workspace2024\mytest\study-math\logs\study_math_20260325.log
2026-03-25 00:42:27 - study_math - INFO - ==================================================
2026-03-25 00:42:28 - app - INFO - 从 Excel 导入 3900 条成绩到数据库
2026-03-25 00:42:29 - study_math - INFO - ==================================================
2026-03-25 00:42:29 - study_math - INFO - 学习数学分析系统启动
2026-03-25 00:42:29 - study_math - INFO - 日志文件：D:\project_room\workspace2024\mytest\study-math\logs\study_math_20260325.log
2026-03-25 00:42:29 - study_math - INFO - ==================================================
2026-03-25 00:42:30 - app - INFO - 从 Excel 导入 3900 条成绩到数据库
2026-03-25 00:42:34 - study_math - INFO - ==================================================
2026-03-25 00:42:34 - study_math - INFO - 学习数学分析系统启动
2026-03-25 00:42:34 - study_math - INFO - 日志文件：D:\project_room\workspace2024\mytest\study-math\logs\study_math_20260325.log
2026-03-25 00:42:34 - study_math - INFO - ==================================================
2026-03-25 00:42:34 - app - INFO - 从 Excel 导入 3900 条成绩到数据库
2026-03-25 00:42:43 - study_math - INFO - ==================================================
2026-03-25 00:42:43 - study_math - INFO - 学习数学分析系统启动
2026-03-25 00:42:43 - study_math - INFO - 日志文件：D:\project_room\workspace2024\mytest\study-math\logs\study_math_20260325.log
2026-03-25 00:42:43 - study_math - INFO - ==================================================
2026-03-25 00:42:43 - app - INFO - 从 Excel 导入 3900 条成绩到数据库
2026-03-25 00:42:48 - study_math - INFO - ==================================================
2026-03-25 00:42:48 - study_math - INFO - 学习数学分析系统启动
2026-03-25 00:42:48 - study_math - INFO - 日志文件：D:\project_room\workspace2024\mytest\study-math\logs\study_math_20260325.log
2026-03-25 00:42:48 - study_math - INFO - ==================================================
2026-03-25 00:42:48 - app - INFO - 从 Excel 导入 3900 条成绩到数据库
2026-03-25 00:42:52 - study_math - INFO - ==================================================
2026-03-25 00:42:52 - study_math - INFO - 学习数学分析系统启动
2026-03-25 00:42:52 - study_math - INFO - 日志文件：D:\project_room\workspace2024\mytest\study-math\logs\study_math_20260325.log
2026-03-25 00:42:52 - study_math - INFO - ==================================================
2026-03-25 00:42:52 - app - INFO - 从 Excel 导入 3900 条成绩到数据库
2026-03-25 00:42:57 - study_math - INFO - ==================================================
2026-03-25 00:42:57 - study_math - INFO - 学习数学分析系统启动
2026-03-25 00:42:57 - study_math - INFO - 日志文件：D:\project_room\workspace2024\mytest\study-math\logs\study_math_20260325.log
2026-03-25 00:42:57 - study_math - INFO - ==================================================
2026-03-25 00:42:58 - app - INFO - 从 Excel 导入 3900 条成绩到数据库
2026-03-25 00:43:02 - study_math - INFO - ==================================================
2026-03-25 00:43:02 - study_math - INFO - 学习数学分析系统启动
2026-03-25 00:43:02 - study_math - INFO - 日志文件：D:\project_room\workspace2024\mytest\study-math\logs\study_math_20260325.log
2026-03-25 00:43:02 - study_math - INFO - ==================================================
2026-03-25 00:43:03 - app - INFO - 从 Excel 导入 3900 条成绩到数据库
2026-03-25 00:43:05 - study_math - INFO - ==================================================
2026-03-25 00:43:05 - study_math - INFO - 学习数学分析系统启动
2026-03-25 00:43:05 - study_math - INFO - 日志文件：D:\project_room\workspace2024\mytest\study-math\logs\study_math_20260325.log
2026-03-25 00:43:05 - study_math - INFO - ==================================================
2026-03-25 00:43:06 - app - INFO - 从 Excel 导入 3900 条成绩到数据库
2026-03-25 00:43:11 - study_math - INFO - ==================================================
2026-03-25 00:43:11 - study_math - INFO - 学习数学分析系统启动
2026-03-25 00:43:11 - study_math - INFO - 日志文件：D:\project_room\workspace2024\mytest\study-math\logs\study_math_20260325.log
2026-03-25 00:43:11 - study_math - INFO - ==================================================
2026-03-25 00:43:11 - app - INFO - 从 Excel 导入 3900 条成绩到数据库
2026-03-25 00:43:12 - study_math - INFO - ==================================================
2026-03-25 00:43:12 - study_math - INFO - 学习数学分析系统启动
2026-03-25 00:43:12 - study_math - INFO - 日志文件：D:\project_room\workspace2024\mytest\study-math\logs\study_math_20260325.log
2026-03-25 00:43:12 - study_math - INFO - ==================================================
2026-03-25 00:43:12 - app - INFO - 从 Excel 导入 3900 条成绩到数据库
2026-03-25 00:43:19 - study_math - INFO - ==================================================
2026-03-25 00:43:19 - study_math - INFO - 学习数学分析系统启动
2026-03-25 00:43:19 - study_math - INFO - 日志文件：D:\project_room\workspace2024\mytest\study-math\logs\study_math_20260325.log
2026-03-25 00:43:19 - study_math - INFO - ==================================================
2026-03-25 00:43:20 - app - INFO - 从 Excel 导入 3900 条成绩到数据库
2026-03-25 00:43:21 - study_math - INFO - ==================================================
2026-03-25 00:43:21 - study_math - INFO - 学习数学分析系统启动
2026-03-25 00:43:21 - study_math - INFO - 日志文件：D:\project_room\workspace2024\mytest\study-math\logs\study_math_20260325.log
2026-03-25 00:43:21 - study_math - INFO - ==================================================
2026-03-25 00:43:21 - app - INFO - 从 Excel 导入 3900 条成绩到数据库
2026-03-25 00:44:31 - study_math - INFO - ==================================================
2026-03-25 00:44:31 - study_math - INFO - 学习数学分析系统启动
2026-03-25 00:44:31 - study_math - INFO - 日志文件：D:\project_room\workspace2024\mytest\study-math\logs\study_math_20260325.log
2026-03-25 00:44:31 - study_math - INFO - ==================================================
2026-03-25 00:44:32 - app - INFO - 从 Excel 导入 3900 条成绩到数据库
2026-03-25 00:44:36 - study_math - INFO - ==================================================
2026-03-25 00:44:36 - study_math - INFO - 学习数学分析系统启动
2026-03-25 00:44:36 - study_math - INFO - 日志文件：D:\project_room\workspace2024\mytest\study-math\logs\study_math_20260325.log
2026-03-25 00:44:36 - study_math - INFO - ==================================================
2026-03-25 00:44:36 - app - INFO - 从 Excel 导入 3900 条成绩到数据库
2026-03-25 00:45:02 - study_math - INFO - ==================================================
2026-03-25 00:45:02 - study_math - INFO - 学习数学分析系统启动
2026-03-25 00:45:02 - study_math - INFO - 日志文件：D:\project_room\workspace2024\mytest\study-math\logs\study_math_20260325.log
2026-03-25 00:45:02 - study_math - INFO - ==================================================
2026-03-25 00:45:02 - app - INFO - 从 Excel 导入 3900 条成绩到数据库
2026-03-25 00:45:07 - study_math - INFO - ==================================================
2026-03-25 00:45:07 - study_math - INFO - 学习数学分析系统启动
2026-03-25 00:45:07 - study_math - INFO - 日志文件：D:\project_room\workspace2024\mytest\study-math\logs\study_math_20260325.log
2026-03-25 00:45:07 - study_math - INFO - ==================================================
2026-03-25 00:45:08 - app - INFO - 从 Excel 导入 3900 条成绩到数据库
2026-03-25 00:45:10 - study_math - INFO - ==================================================
2026-03-25 00:45:10 - study_math - INFO - 学习数学分析系统启动
2026-03-25 00:45:10 - study_math - INFO - 日志文件：D:\project_room\workspace2024\mytest\study-math\logs\study_math_20260325.log
2026-03-25 00:45:10 - study_math - INFO - ==================================================
2026-03-25 00:45:10 - app - INFO - 从 Excel 导入 3900 条成绩到数据库
2026-03-25 00:45:13 - study_math - INFO - ==================================================
2026-03-25 00:45:13 - study_math - INFO - 学习数学分析系统启动
2026-03-25 00:45:13 - study_math - INFO - 日志文件：D:\project_room\workspace2024\mytest\study-math\logs\study_math_20260325.log
2026-03-25 00:45:13 - study_math - INFO - ==================================================
2026-03-25 00:45:14 - app - INFO - 从 Excel 导入 3900 条成绩到数据库
2026-03-25 00:45:18 - study_math - INFO - ==================================================
2026-03-25 00:45:18 - study_math - INFO - 学习数学分析系统启动
2026-03-25 00:45:18 - study_math - INFO - 日志文件：D:\project_room\workspace2024\mytest\study-math\logs\study_math_20260325.log
2026-03-25 00:45:18 - study_math - INFO - ==================================================
2026-03-25 00:45:18 - app - INFO - 从 Excel 导入 3900 条成绩到数据库
2026-03-25 00:45:24 - study_math - INFO - ==================================================
2026-03-25 00:45:24 - study_math - INFO - 学习数学分析系统启动
2026-03-25 00:45:24 - study_math - INFO - 日志文件：D:\project_room\workspace2024\mytest\study-math\logs\study_math_20260325.log
2026-03-25 00:45:24 - study_math - INFO - ==================================================
2026-03-25 00:45:24 - app - INFO - 从 Excel 导入 3900 条成绩到数据库
2026-03-25 00:45:27 - study_math - INFO - ==================================================
2026-03-25 00:45:27 - study_math - INFO - 学习数学分析系统启动
2026-03-25 00:45:27 - study_math - INFO - 日志文件：D:\project_room\workspace2024\mytest\study-math\logs\study_math_20260325.log
2026-03-25 00:45:27 - study_math - INFO - ==================================================
2026-03-25 00:45:28 - app - INFO - 从 Excel 导入 3900 条成绩到数据库
2026-03-25 00:45:56 - study_math - INFO - ==================================================
2026-03-25 00:45:56 - study_math - INFO - 学习数学分析系统启动
2026-03-25 00:45:56 - study_math - INFO - 日志文件：D:\project_room\workspace2024\mytest\study-math\logs\study_math_20260325.log
2026-03-25 00:45:56 - study_math - INFO - ==================================================
2026-03-25 00:45:57 - app - INFO - 从 Excel 导入 3900 条成绩到数据库
2026-03-25 00:46:07 - study_math - INFO - ==================================================
2026-03-25 00:46:07 - study_math - INFO - 学习数学分析系统启动
2026-03-25 00:46:07 - study_math - INFO - 日志文件：D:\project_room\workspace2024\mytest\study-math\logs\study_math_20260325.log
2026-03-25 00:46:07 - study_math - INFO - ==================================================
2026-03-25 00:46:08 - app - INFO - 从 Excel 导入 3900 条成绩到数据库
2026-03-25 00:46:14 - study_math - INFO - ==================================================
2026-03-25 00:46:14 - study_math - INFO - 学习数学分析系统启动
2026-03-25 00:46:14 - study_math - INFO - 日志文件：D:\project_room\workspace2024\mytest\study-math\logs\study_math_20260325.log
2026-03-25 00:46:14 - study_math - INFO - ==================================================
2026-03-25 00:46:15 - app - INFO - 从 Excel 导入 3900 条成绩到数据库
2026-03-25 00:47:21 - study_math - INFO - ==================================================
2026-03-25 00:47:21 - study_math - INFO - 学习数学分析系统启动
2026-03-25 00:47:21 - study_math - INFO - 日志文件：D:\project_room\workspace2024\mytest\study-math\logs\study_math_20260325.log
2026-03-25 00:47:21 - study_math - INFO - ==================================================
2026-03-25 00:47:21 - app - INFO - 从 Excel 导入 3900 条成绩到数据库
2026-03-25 00:47:24 - study_math - INFO - ==================================================
2026-03-25 00:47:24 - study_math - INFO - 学习数学分析系统启动
2026-03-25 00:47:24 - study_math - INFO - 日志文件：D:\project_room\workspace2024\mytest\study-math\logs\study_math_20260325.log
2026-03-25 00:47:24 - study_math - INFO - ==================================================
2026-03-25 00:47:25 - app - INFO - 从 Excel 导入 3900 条成绩到数据库
2026-03-25 00:47:28 - study_math - INFO - ==================================================
2026-03-25 00:47:28 - study_math - INFO - 学习数学分析系统启动
2026-03-25 00:47:28 - study_math - INFO - 日志文件：D:\project_room\workspace2024\mytest\study-math\logs\study_math_20260325.log
2026-03-25 00:47:28 - study_math - INFO - ==================================================
2026-03-25 00:47:28 - app - INFO - 从 Excel 导入 3900 条成绩到数据库
2026-03-25 00:47:29 - study_math - INFO - ==================================================
2026-03-25 00:47:29 - study_math - INFO - 学习数学分析系统启动
2026-03-25 00:47:29 - study_math - INFO - 日志文件：D:\project_room\workspace2024\mytest\study-math\logs\study_math_20260325.log
2026-03-25 00:47:29 - study_math - INFO - ==================================================
2026-03-25 00:47:30 - app - INFO - 从 Excel 导入 3900 条成绩到数据库
2026-03-25 00:47:34 - study_math - INFO - ==================================================
2026-03-25 00:47:34 - study_math - INFO - 学习数学分析系统启动
2026-03-25 00:47:34 - study_math - INFO - 日志文件：D:\project_room\workspace2024\mytest\study-math\logs\study_math_20260325.log
2026-03-25 00:47:34 - study_math - INFO - ==================================================
2026-03-25 00:47:34 - app - INFO - 从 Excel 导入 3900 条成绩到数据库
2026-03-25 00:47:39 - study_math - INFO - ==================================================
2026-03-25 00:47:39 - study_math - INFO - 学习数学分析系统启动
2026-03-25 00:47:39 - study_math - INFO - 日志文件：D:\project_room\workspace2024\mytest\study-math\logs\study_math_20260325.log
2026-03-25 00:47:39 - study_math - INFO - ==================================================
2026-03-25 00:47:40 - app - INFO - 从 Excel 导入 3900 条成绩到数据库
2026-03-25 00:47:44 - study_math - INFO - ==================================================
2026-03-25 00:47:44 - study_math - INFO - 学习数学分析系统启动
2026-03-25 00:47:44 - study_math - INFO - 日志文件：D:\project_room\workspace2024\mytest\study-math\logs\study_math_20260325.log
2026-03-25 00:47:44 - study_math - INFO - ==================================================
2026-03-25 00:47:44 - app - INFO - 从 Excel 导入 3900 条成绩到数据库
2026-03-25 00:49:43 - study_math - INFO - ==================================================
2026-03-25 00:49:43 - study_math - INFO - 学习数学分析系统启动
2026-03-25 00:49:43 - study_math - INFO - 日志文件：D:\project_room\workspace2024\mytest\study-math\logs\study_math_20260325.log
2026-03-25 00:49:43 - study_math - INFO - ==================================================
2026-03-25 00:49:44 - app - INFO - 从 Excel 导入 3900 条成绩到数据库
2026-03-25 00:49:48 - study_math - INFO - ==================================================
2026-03-25 00:49:48 - study_math - INFO - 学习数学分析系统启动
2026-03-25 00:49:48 - study_math - INFO - 日志文件：D:\project_room\workspace2024\mytest\study-math\logs\study_math_20260325.log
2026-03-25 00:49:48 - study_math - INFO - ==================================================
2026-03-25 00:49:48 - app - INFO - 从 Excel 导入 3900 条成绩到数据库
2026-03-25 00:50:19 - study_math - INFO - ==================================================
2026-03-25 00:50:19 - study_math - INFO - 学习数学分析系统启动
2026-03-25 00:50:19 - study_math - INFO - 日志文件：D:\project_room\workspace2024\mytest\study-math\logs\study_math_20260325.log
2026-03-25 00:50:19 - study_math - INFO - ==================================================
2026-03-25 00:50:20 - app - INFO - 从 Excel 导入 3900 条成绩到数据库
2026-03-25 00:50:27 - study_math - INFO - ==================================================
2026-03-25 00:50:27 - study_math - INFO - 学习数学分析系统启动
2026-03-25 00:50:27 - study_math - INFO - 日志文件：D:\project_room\workspace2024\mytest\study-math\logs\study_math_20260325.log
2026-03-25 00:50:27 - study_math - INFO - ==================================================
2026-03-25 00:50:27 - app - INFO - 从 Excel 导入 3900 条成绩到数据库
2026-03-25 00:50:28 - study_math - INFO - ==================================================
2026-03-25 00:50:28 - study_math - INFO - 学习数学分析系统启动
2026-03-25 00:50:28 - study_math - INFO - 日志文件：D:\project_room\workspace2024\mytest\study-math\logs\study_math_20260325.log
2026-03-25 00:50:28 - study_math - INFO - ==================================================
2026-03-25 00:50:29 - app - INFO - 从 Excel 导入 3900 条成绩到数据库
2026-03-25 00:50:59 - study_math - INFO - ==================================================
2026-03-25 00:50:59 - study_math - INFO - 学习数学分析系统启动
2026-03-25 00:50:59 - study_math - INFO - 日志文件：D:\project_room\workspace2024\mytest\study-math\logs\study_math_20260325.log
2026-03-25 00:50:59 - study_math - INFO - ==================================================
2026-03-25 00:51:00 - app - INFO - 从 Excel 导入 3900 条成绩到数据库
2026-03-25 00:51:33 - study_math - INFO - ==================================================
2026-03-25 00:51:33 - study_math - INFO - 学习数学分析系统启动
2026-03-25 00:51:33 - study_math - INFO - 日志文件：D:\project_room\workspace2024\mytest\study-math\logs\study_math_20260325.log
2026-03-25 00:51:33 - study_math - INFO - ==================================================
2026-03-25 00:51:33 - app - INFO - 从 Excel 导入 3900 条成绩到数据库
2026-03-25 01:04:52 - study_math - INFO - ==================================================
2026-03-25 01:04:52 - study_math - INFO - 学习数学分析系统启动
2026-03-25 01:04:52 - study_math - INFO - 日志文件：D:\project_room\workspace2024\mytest\study-math\logs\study_math_20260325.log
2026-03-25 01:04:52 - study_math - INFO - ==================================================
2026-03-25 01:04:52 - app - INFO - 从 Excel 导入 3900 条成绩到数据库
2026-03-25 01:04:55 - study_math - INFO - ==================================================
2026-03-25 01:04:55 - study_math - INFO - 学习数学分析系统启动
2026-03-25 01:04:55 - study_math - INFO - 日志文件：D:\project_room\workspace2024\mytest\study-math\logs\study_math_20260325.log
2026-03-25 01:04:55 - study_math - INFO - ==================================================
2026-03-25 01:04:55 - app - INFO - 从 Excel 导入 3900 条成绩到数据库
2026-03-25 01:04:59 - study_math - INFO - ==================================================
2026-03-25 01:04:59 - study_math - INFO - 学习数学分析系统启动
2026-03-25 01:04:59 - study_math - INFO - 日志文件：D:\project_room\workspace2024\mytest\study-math\logs\study_math_20260325.log
2026-03-25 01:04:59 - study_math - INFO - ==================================================
2026-03-25 01:04:59 - app - INFO - 从 Excel 导入 3900 条成绩到数据库
2026-03-25 01:05:02 - study_math - INFO - ==================================================
2026-03-25 01:05:02 - study_math - INFO - 学习数学分析系统启动
2026-03-25 01:05:02 - study_math - INFO - 日志文件：D:\project_room\workspace2024\mytest\study-math\logs\study_math_20260325.log
2026-03-25 01:05:02 - study_math - INFO - ==================================================
2026-03-25 01:05:03 - app - INFO - 从 Excel 导入 3900 条成绩到数据库
2026-03-25 01:45:18 - study_math - INFO - ==================================================
2026-03-25 01:45:18 - study_math - INFO - 学习数学分析系统启动
2026-03-25 01:45:18 - study_math - INFO - 日志文件：D:\project_room\workspace2024\mytest\study-math\logs\study_math_20260325.log
2026-03-25 01:45:18 - study_math - INFO - ==================================================
2026-03-25 01:45:19 - app - INFO - 从 Excel 导入 3900 条成绩到数据库
2026-03-25 01:45:19 - app - INFO - 初始化分析器...
2026-03-25 01:45:19 - app - INFO - 分析器初始化完成
2026-03-25 08:08:27 - study_math - INFO - ==================================================
2026-03-25 08:08:27 - study_math - INFO - 学习数学分析系统启动
2026-03-25 08:08:27 - study_math - INFO - 日志文件：D:\project_room\workspace2024\mytest\study-math\logs\study_math_20260325.log
2026-03-25 08:08:27 - study_math - INFO - ==================================================
2026-03-25 08:08:30 - app - INFO - 从 Excel 导入 3900 条成绩到数据库
2026-03-25 08:08:30 - app - INFO - 初始化分析器...
2026-03-25 08:08:31 - app - INFO - 分析器初始化完成
2026-03-25 08:12:29 - study_math - INFO - ==================================================
2026-03-25 08:12:29 - study_math - INFO - 学习数学分析系统启动
2026-03-25 08:12:29 - study_math - INFO - 日志文件：D:\project_room\workspace2024\mytest\study-math\logs\study_math_20260325.log
2026-03-25 08:12:29 - study_math - INFO - ==================================================
2026-03-25 08:12:30 - app - INFO - 从 Excel 导入 3900 条成绩到数据库
2026-03-25 08:12:37 - study_math - INFO - ==================================================
2026-03-25 08:12:37 - study_math - INFO - 学习数学分析系统启动
2026-03-25 08:12:37 - study_math - INFO - 日志文件：D:\project_room\workspace2024\mytest\study-math\logs\study_math_20260325.log
2026-03-25 08:12:37 - study_math - INFO - ==================================================
2026-03-25 08:12:38 - app - INFO - 从 Excel 导入 3900 条成绩到数据库
2026-03-25 08:12:41 - study_math - INFO - ==================================================
2026-03-25 08:12:41 - study_math - INFO - 学习数学分析系统启动
2026-03-25 08:12:41 - study_math - INFO - 日志文件：D:\project_room\workspace2024\mytest\study-math\logs\study_math_20260325.log
2026-03-25 08:12:41 - study_math - INFO - ==================================================
2026-03-25 08:12:42 - app - INFO - 从 Excel 导入 3900 条成绩到数据库
2026-03-25 08:12:47 - study_math - INFO - ==================================================
2026-03-25 08:12:47 - study_math - INFO - 学习数学分析系统启动
2026-03-25 08:12:47 - study_math - INFO - 日志文件：D:\project_room\workspace2024\mytest\study-math\logs\study_math_20260325.log
2026-03-25 08:12:47 - study_math - INFO - ==================================================
2026-03-25 08:12:47 - app - INFO - 从 Excel 导入 3900 条成绩到数据库
2026-03-25 08:12:53 - study_math - INFO - ==================================================
2026-03-25 08:12:53 - study_math - INFO - 学习数学分析系统启动
2026-03-25 08:12:53 - study_math - INFO - 日志文件：D:\project_room\workspace2024\mytest\study-math\logs\study_math_20260325.log
2026-03-25 08:12:53 - study_math - INFO - ==================================================
2026-03-25 08:12:54 - app - INFO - 从 Excel 导入 3900 条成绩到数据库
