2026-03-19 00:25:57 - study_math - INFO - ==================================================
2026-03-19 00:25:57 - study_math - INFO - 学习数学分析系统启动
2026-03-19 00:25:57 - study_math - INFO - 日志文件：D:\project_room\workspace2024\mytest\study-math\logs\study_math_20260319.log
2026-03-19 00:25:57 - study_math - INFO - ==================================================
2026-03-19 00:25:57 - app - INFO - 初始化分析器...
2026-03-19 00:25:57 - app - INFO - 分析器初始化完成
2026-03-19 00:26:09 - study_math - INFO - ==================================================
2026-03-19 00:26:09 - study_math - INFO - 学习数学分析系统启动
2026-03-19 00:26:09 - study_math - INFO - 日志文件：D:\project_room\workspace2024\mytest\study-math\logs\study_math_20260319.log
2026-03-19 00:26:09 - study_math - INFO - ==================================================
2026-03-19 00:26:09 - app - INFO - 初始化分析器...
2026-03-19 00:26:09 - app - INFO - 分析器初始化完成
2026-03-19 00:26:21 - study_math - INFO - ==================================================
2026-03-19 00:26:21 - study_math - INFO - 学习数学分析系统启动
2026-03-19 00:26:21 - study_math - INFO - 日志文件：D:\project_room\workspace2024\mytest\study-math\logs\study_math_20260319.log
2026-03-19 00:26:21 - study_math - INFO - ==================================================
2026-03-19 00:26:22 - study_math - INFO - ==================================================
2026-03-19 00:26:22 - study_math - INFO - 学习数学分析系统启动
2026-03-19 00:26:22 - study_math - INFO - 日志文件：D:\project_room\workspace2024\mytest\study-math\logs\study_math_20260319.log
2026-03-19 00:26:22 - study_math - INFO - ==================================================
2026-03-19 00:26:22 - study_math - INFO - ==================================================
2026-03-19 00:26:22 - study_math - INFO - 学习数学分析系统启动
2026-03-19 00:26:22 - study_math - INFO - 日志文件：D:\project_room\workspace2024\mytest\study-math\logs\study_math_20260319.log
2026-03-19 00:26:22 - study_math - INFO - ==================================================
2026-03-19 00:26:23 - study_math - INFO - ==================================================
2026-03-19 00:26:23 - study_math - INFO - 学习数学分析系统启动
2026-03-19 00:26:23 - study_math - INFO - 日志文件：D:\project_room\workspace2024\mytest\study-math\logs\study_math_20260319.log
2026-03-19 00:26:23 - study_math - INFO - ==================================================
2026-03-19 00:26:24 - study_math - INFO - ==================================================
2026-03-19 00:26:24 - study_math - INFO - 学习数学分析系统启动
2026-03-19 00:26:24 - study_math - INFO - 日志文件：D:\project_room\workspace2024\mytest\study-math\logs\study_math_20260319.log
2026-03-19 00:26:24 - study_math - INFO - ==================================================
2026-03-19 00:26:30 - study_math - INFO - ==================================================
2026-03-19 00:26:30 - study_math - INFO - 学习数学分析系统启动
2026-03-19 00:26:30 - study_math - INFO - 日志文件：D:\project_room\workspace2024\mytest\study-math\logs\study_math_20260319.log
2026-03-19 00:26:30 - study_math - INFO - ==================================================
2026-03-19 00:26:30 - study_math - INFO - ==================================================
2026-03-19 00:26:30 - study_math - INFO - 学习数学分析系统启动
2026-03-19 00:26:30 - study_math - INFO - 日志文件：D:\project_room\workspace2024\mytest\study-math\logs\study_math_20260319.log
2026-03-19 00:26:30 - study_math - INFO - ==================================================
2026-03-19 00:26:31 - study_math - INFO - ==================================================
2026-03-19 00:26:31 - study_math - INFO - 学习数学分析系统启动
2026-03-19 00:26:31 - study_math - INFO - 日志文件：D:\project_room\workspace2024\mytest\study-math\logs\study_math_20260319.log
2026-03-19 00:26:31 - study_math - INFO - ==================================================
2026-03-19 00:26:34 - study_math - INFO - ==================================================
2026-03-19 00:26:34 - study_math - INFO - 学习数学分析系统启动
2026-03-19 00:26:34 - study_math - INFO - 日志文件：D:\project_room\workspace2024\mytest\study-math\logs\study_math_20260319.log
2026-03-19 00:26:34 - study_math - INFO - ==================================================
2026-03-19 00:26:36 - study_math - INFO - ==================================================
2026-03-19 00:26:36 - study_math - INFO - 学习数学分析系统启动
2026-03-19 00:26:36 - study_math - INFO - 日志文件：D:\project_room\workspace2024\mytest\study-math\logs\study_math_20260319.log
2026-03-19 00:26:36 - study_math - INFO - ==================================================
2026-03-19 00:26:39 - study_math - INFO - ==================================================
2026-03-19 00:26:39 - study_math - INFO - 学习数学分析系统启动
2026-03-19 00:26:39 - study_math - INFO - 日志文件：D:\project_room\workspace2024\mytest\study-math\logs\study_math_20260319.log
2026-03-19 00:26:39 - study_math - INFO - ==================================================
2026-03-19 00:26:40 - study_math - INFO - ==================================================
2026-03-19 00:26:40 - study_math - INFO - 学习数学分析系统启动
2026-03-19 00:26:40 - study_math - INFO - 日志文件：D:\project_room\workspace2024\mytest\study-math\logs\study_math_20260319.log
2026-03-19 00:26:40 - study_math - INFO - ==================================================
2026-03-19 00:26:41 - study_math - INFO - ==================================================
2026-03-19 00:26:41 - study_math - INFO - 学习数学分析系统启动
2026-03-19 00:26:41 - study_math - INFO - 日志文件：D:\project_room\workspace2024\mytest\study-math\logs\study_math_20260319.log
2026-03-19 00:26:41 - study_math - INFO - ==================================================
2026-03-19 00:26:42 - study_math - INFO - ==================================================
2026-03-19 00:26:42 - study_math - INFO - 学习数学分析系统启动
2026-03-19 00:26:42 - study_math - INFO - 日志文件：D:\project_room\workspace2024\mytest\study-math\logs\study_math_20260319.log
2026-03-19 00:26:42 - study_math - INFO - ==================================================
2026-03-19 00:26:44 - study_math - INFO - ==================================================
2026-03-19 00:26:44 - study_math - INFO - 学习数学分析系统启动
2026-03-19 00:26:44 - study_math - INFO - 日志文件：D:\project_room\workspace2024\mytest\study-math\logs\study_math_20260319.log
2026-03-19 00:26:44 - study_math - INFO - ==================================================
2026-03-19 00:26:45 - study_math - INFO - ==================================================
2026-03-19 00:26:45 - study_math - INFO - 学习数学分析系统启动
2026-03-19 00:26:45 - study_math - INFO - 日志文件：D:\project_room\workspace2024\mytest\study-math\logs\study_math_20260319.log
2026-03-19 00:26:45 - study_math - INFO - ==================================================
2026-03-19 00:26:47 - study_math - INFO - ==================================================
2026-03-19 00:26:47 - study_math - INFO - 学习数学分析系统启动
2026-03-19 00:26:47 - study_math - INFO - 日志文件：D:\project_room\workspace2024\mytest\study-math\logs\study_math_20260319.log
2026-03-19 00:26:47 - study_math - INFO - ==================================================
2026-03-19 00:26:48 - study_math - INFO - ==================================================
2026-03-19 00:26:48 - study_math - INFO - 学习数学分析系统启动
2026-03-19 00:26:48 - study_math - INFO - 日志文件：D:\project_room\workspace2024\mytest\study-math\logs\study_math_20260319.log
2026-03-19 00:26:48 - study_math - INFO - ==================================================
2026-03-19 00:26:49 - study_math - INFO - ==================================================
2026-03-19 00:26:49 - study_math - INFO - 学习数学分析系统启动
2026-03-19 00:26:49 - study_math - INFO - 日志文件：D:\project_room\workspace2024\mytest\study-math\logs\study_math_20260319.log
2026-03-19 00:26:49 - study_math - INFO - ==================================================
2026-03-19 00:26:53 - study_math - INFO - ==================================================
2026-03-19 00:26:53 - study_math - INFO - 学习数学分析系统启动
2026-03-19 00:26:53 - study_math - INFO - 日志文件：D:\project_room\workspace2024\mytest\study-math\logs\study_math_20260319.log
2026-03-19 00:26:53 - study_math - INFO - ==================================================
2026-03-19 00:26:54 - study_math - INFO - ==================================================
2026-03-19 00:26:54 - study_math - INFO - 学习数学分析系统启动
2026-03-19 00:26:54 - study_math - INFO - 日志文件：D:\project_room\workspace2024\mytest\study-math\logs\study_math_20260319.log
2026-03-19 00:26:54 - study_math - INFO - ==================================================
2026-03-19 00:26:55 - study_math - INFO - ==================================================
2026-03-19 00:26:55 - study_math - INFO - 学习数学分析系统启动
2026-03-19 00:26:55 - study_math - INFO - 日志文件：D:\project_room\workspace2024\mytest\study-math\logs\study_math_20260319.log
2026-03-19 00:26:55 - study_math - INFO - ==================================================
2026-03-19 00:26:56 - study_math - INFO - ==================================================
2026-03-19 00:26:56 - study_math - INFO - 学习数学分析系统启动
2026-03-19 00:26:56 - study_math - INFO - 日志文件：D:\project_room\workspace2024\mytest\study-math\logs\study_math_20260319.log
2026-03-19 00:26:56 - study_math - INFO - ==================================================
2026-03-19 00:26:57 - study_math - INFO - ==================================================
2026-03-19 00:26:57 - study_math - INFO - 学习数学分析系统启动
2026-03-19 00:26:57 - study_math - INFO - 日志文件：D:\project_room\workspace2024\mytest\study-math\logs\study_math_20260319.log
2026-03-19 00:26:57 - study_math - INFO - ==================================================
2026-03-19 00:26:58 - study_math - INFO - ==================================================
2026-03-19 00:26:58 - study_math - INFO - 学习数学分析系统启动
2026-03-19 00:26:58 - study_math - INFO - 日志文件：D:\project_room\workspace2024\mytest\study-math\logs\study_math_20260319.log
2026-03-19 00:26:58 - study_math - INFO - ==================================================
2026-03-19 00:26:58 - study_math - INFO - ==================================================
2026-03-19 00:26:58 - study_math - INFO - 学习数学分析系统启动
2026-03-19 00:26:58 - study_math - INFO - 日志文件：D:\project_room\workspace2024\mytest\study-math\logs\study_math_20260319.log
2026-03-19 00:26:58 - study_math - INFO - ==================================================
2026-03-19 00:28:56 - study_math - INFO - ==================================================
2026-03-19 00:28:56 - study_math - INFO - 学习数学分析系统启动
2026-03-19 00:28:56 - study_math - INFO - 日志文件：D:\project_room\workspace2024\mytest\study-math\logs\study_math_20260319.log
2026-03-19 00:28:56 - study_math - INFO - ==================================================
2026-03-19 00:28:56 - app - INFO - 初始化分析器...
2026-03-19 00:28:56 - app - INFO - 分析器初始化完成
2026-03-19 00:32:12 - study_math - INFO - ==================================================
2026-03-19 00:32:12 - study_math - INFO - 学习数学分析系统启动
2026-03-19 00:32:12 - study_math - INFO - 日志文件：D:\project_room\workspace2024\mytest\study-math\logs\study_math_20260319.log
2026-03-19 00:32:12 - study_math - INFO - ==================================================
2026-03-19 00:32:19 - study_math - INFO - ==================================================
2026-03-19 00:32:19 - study_math - INFO - 学习数学分析系统启动
2026-03-19 00:32:19 - study_math - INFO - 日志文件：D:\project_room\workspace2024\mytest\study-math\logs\study_math_20260319.log
2026-03-19 00:32:19 - study_math - INFO - ==================================================
2026-03-19 00:32:20 - study_math - INFO - ==================================================
2026-03-19 00:32:20 - study_math - INFO - 学习数学分析系统启动
2026-03-19 00:32:20 - study_math - INFO - 日志文件：D:\project_room\workspace2024\mytest\study-math\logs\study_math_20260319.log
2026-03-19 00:32:20 - study_math - INFO - ==================================================
2026-03-19 00:32:21 - study_math - INFO - ==================================================
2026-03-19 00:32:21 - study_math - INFO - 学习数学分析系统启动
2026-03-19 00:32:21 - study_math - INFO - 日志文件：D:\project_room\workspace2024\mytest\study-math\logs\study_math_20260319.log
2026-03-19 00:32:21 - study_math - INFO - ==================================================
2026-03-19 00:32:22 - study_math - INFO - ==================================================
2026-03-19 00:32:22 - study_math - INFO - 学习数学分析系统启动
2026-03-19 00:32:22 - study_math - INFO - 日志文件：D:\project_room\workspace2024\mytest\study-math\logs\study_math_20260319.log
2026-03-19 00:32:22 - study_math - INFO - ==================================================
2026-03-19 00:32:23 - study_math - INFO - ==================================================
2026-03-19 00:32:23 - study_math - INFO - 学习数学分析系统启动
2026-03-19 00:32:23 - study_math - INFO - 日志文件：D:\project_room\workspace2024\mytest\study-math\logs\study_math_20260319.log
2026-03-19 00:32:23 - study_math - INFO - ==================================================
